<?xml version="1.0" encoding="UTF-8"?>
<!-- Generated by org.testng.reporters.JUnitXMLReporter -->
<testsuite ignored="0" hostname="DESKTOP-7PRMN8B" failures="0" tests="2" name="FirefoxTest" time="1.847" errors="0" timestamp="2023-08-27T21:31:30 IST">
  <testcase classname="sdet.Test2" name="Login" time="0.0">
    <skipped/>
  </testcase> <!-- Login -->
  <testcase classname="sdet.Test2" name="Signup" time="0.0">
    <skipped/>
  </testcase> <!-- Signup -->
</testsuite> <!-- FirefoxTest -->
